This is pdfTeX, Version 3.141592653-2.6-1.40.28 (MiKTeX 25.12) (preloaded format=pdflatex 2026.6.11)  13 JUL 2026 11:53
entering extended mode
 restricted \write18 enabled.
 %&-line parsing enabled.
**./manuscript.tex
(manuscript.tex
LaTeX2e <2025-11-01>
L3 programming layer <2025-12-24>
(elsarticle.cls
Document Class: elsarticle 2024/04/04, 3.4: Elsevier Ltd
(C:\Users\PREDATOR\AppData\Local\Programs\MiKTeX\tex/latex/base\fontenc.sty
Package: fontenc 2025/07/18 v2.1d Standard LaTeX package
) (C:\Users\PREDATOR\AppData\Local\Programs\MiKTeX\tex/latex/l3kernel\expl3.sty
Package: expl3 2025-12-24 L3 programming layer (loader) 

(C:\Users\PREDATOR\AppData\Local\Programs\MiKTeX\tex/latex/l3backend\l3backend-
pdftex.def
File: l3backend-pdftex.def 2025-10-09 L3 backend support: PDF output (pdfTeX)
\l__color_backend_stack_int=\count275
))
(C:\Users\PREDATOR\AppData\Local\Programs\MiKTeX\tex/latex/l3packages/xparse\xp
arse.sty
Package: xparse 2025-10-09 L3 Experimental document command parser
)
(C:\Users\PREDATOR\AppData\Local\Programs\MiKTeX\tex/latex/etoolbox\etoolbox.st
y
Package: etoolbox 2025/10/02 v2.5m e-TeX tools for LaTeX (JAW)
\etb@tempcnta=\count276
)
\@bls=\dimen148
(C:\Users\PREDATOR\AppData\Local\Programs\MiKTeX\tex/latex/base\article.cls
Document Class: article 2025/01/22 v1.4n Standard LaTeX document class
(C:\Users\PREDATOR\AppData\Local\Programs\MiKTeX\tex/latex/base\size12.clo
File: size12.clo 2025/01/22 v1.4n Standard LaTeX file (size option)
)
\c@part=\count277
\c@section=\count278
\c@subsection=\count279
\c@subsubsection=\count280
\c@paragraph=\count281
\c@subparagraph=\count282
\c@figure=\count283
\c@table=\count284
\abovecaptionskip=\skip49
\belowcaptionskip=\skip50
\bibindent=\dimen149
)
(C:\Users\PREDATOR\AppData\Local\Programs\MiKTeX\tex/latex/graphics\graphicx.st
y
Package: graphicx 2024/12/31 v1.2e Enhanced LaTeX Graphics (DPC,SPQR)
(C:\Users\PREDATOR\AppData\Local\Programs\MiKTeX\tex/latex/graphics\keyval.sty
Package: keyval 2022/05/29 v1.15 key=value parser (DPC)
\KV@toks@=\toks17
)
(C:\Users\PREDATOR\AppData\Local\Programs\MiKTeX\tex/latex/graphics\graphics.st
y
Package: graphics 2024/08/06 v1.4g Standard LaTeX Graphics (DPC,SPQR)
(C:\Users\PREDATOR\AppData\Local\Programs\MiKTeX\tex/latex/graphics\trig.sty
Package: trig 2023/12/02 v1.11 sin cos tan (DPC)
)
(C:\Users\PREDATOR\AppData\Local\Programs\MiKTeX\tex/latex/graphics-cfg\graphic
s.cfg
File: graphics.cfg 2016/06/04 v1.11 sample graphics configuration
)
Package graphics Info: Driver file: pdftex.def on input line 106.

(C:\Users\PREDATOR\AppData\Local\Programs\MiKTeX\tex/latex/graphics-def\pdftex.
def
File: pdftex.def 2025/09/29 v1.2d Graphics/color driver for pdftex
))
\Gin@req@height=\dimen150
\Gin@req@width=\dimen151
)
\c@tnote=\count285
\c@fnote=\count286
\c@cnote=\count287
\c@ead=\count288
\c@author=\count289
\@eadauthor=\toks18
\c@affn=\count290
\absbox=\box53
\elsarticlehighlightsbox=\box54
\elsarticlegrabsbox=\box55
\keybox=\box56
\Columnwidth=\dimen152
\space@left=\dimen153
\els@boxa=\box57
\els@boxb=\box58
\leftMargin=\dimen154
\@enLab=\toks19
\@sep=\skip51
\@@sep=\skip52
(manuscript.spl) (C:\Users\PREDATOR\AppData\Local\Programs\MiKTeX\tex/latex/nat
bib\natbib.sty
Package: natbib 2010/09/13 8.31b (PWD, AO)
\bibhang=\skip53
\bibsep=\skip54
LaTeX Info: Redefining \cite on input line 694.
\c@NAT@ctr=\count291
)
\splwrite=\write3
\openout3 = `manuscript.spl'.

\appnamewidth=\dimen155
)
(C:\Users\PREDATOR\AppData\Local\Programs\MiKTeX\tex/latex/amsfonts\amssymb.sty
Package: amssymb 2013/01/14 v3.01 AMS font symbols

(C:\Users\PREDATOR\AppData\Local\Programs\MiKTeX\tex/latex/amsfonts\amsfonts.st
y
Package: amsfonts 2013/01/14 v3.01 Basic AMSFonts support
\@emptytoks=\toks20
\symAMSa=\mathgroup4
\symAMSb=\mathgroup5
LaTeX Font Info:    Redeclaring math symbol \hbar on input line 98.
LaTeX Font Info:    Overwriting math alphabet `\mathfrak' in version `bold'
(Font)                  U/euf/m/n --> U/euf/b/n on input line 106.
)) (C:\Users\PREDATOR\AppData\Local\Programs\MiKTeX\tex/latex/amsmath\amsmath.s
ty
Package: amsmath 2025/07/09 v2.17z AMS math features
\@mathmargin=\skip55
For additional information on amsmath, use the `?' option.
(C:\Users\PREDATOR\AppData\Local\Programs\MiKTeX\tex/latex/amsmath\amstext.sty
Package: amstext 2024/11/17 v2.01 AMS text
(C:\Users\PREDATOR\AppData\Local\Programs\MiKTeX\tex/latex/amsmath\amsgen.sty
File: amsgen.sty 1999/11/30 v2.0 generic functions
\@emptytoks=\toks21
\ex@=\dimen156
)) (C:\Users\PREDATOR\AppData\Local\Programs\MiKTeX\tex/latex/amsmath\amsbsy.st
y
Package: amsbsy 1999/11/29 v1.2d Bold Symbols
\pmbraise@=\dimen157
) (C:\Users\PREDATOR\AppData\Local\Programs\MiKTeX\tex/latex/amsmath\amsopn.sty
Package: amsopn 2022/04/08 v2.04 operator names
)
\inf@bad=\count292
LaTeX Info: Redefining \frac on input line 233.
\uproot@=\count293
\leftroot@=\count294
LaTeX Info: Redefining \overline on input line 398.
LaTeX Info: Redefining \colon on input line 409.
\classnum@=\count295
\DOTSCASE@=\count296
LaTeX Info: Redefining \ldots on input line 495.
LaTeX Info: Redefining \dots on input line 498.
LaTeX Info: Redefining \cdots on input line 619.
\Mathstrutbox@=\box59
\strutbox@=\box60
LaTeX Info: Redefining \big on input line 721.
LaTeX Info: Redefining \Big on input line 722.
LaTeX Info: Redefining \bigg on input line 723.
LaTeX Info: Redefining \Bigg on input line 724.
\big@size=\dimen158
LaTeX Font Info:    Redeclaring font encoding OML on input line 742.
LaTeX Font Info:    Redeclaring font encoding OMS on input line 743.
\macc@depth=\count297
LaTeX Info: Redefining \bmod on input line 904.
LaTeX Info: Redefining \pmod on input line 909.
LaTeX Info: Redefining \smash on input line 939.
LaTeX Info: Redefining \relbar on input line 969.
LaTeX Info: Redefining \Relbar on input line 970.
\c@MaxMatrixCols=\count298
\dotsspace@=\muskip17
\c@parentequation=\count299
\dspbrk@lvl=\count300
\tag@help=\toks22
\row@=\count301
\column@=\count302
\maxfields@=\count303
\andhelp@=\toks23
\eqnshift@=\dimen159
\alignsep@=\dimen160
\tagshift@=\dimen161
\tagwidth@=\dimen162
\totwidth@=\dimen163
\lineht@=\dimen164
\@envbody=\toks24
\multlinegap=\skip56
\multlinetaggap=\skip57
\mathdisplay@stack=\toks25
LaTeX Info: Redefining \[ on input line 2950.
LaTeX Info: Redefining \] on input line 2951.
) (manuscript.aux)
\openout1 = `manuscript.aux'.

LaTeX Font Info:    Checking defaults for OML/cmm/m/it on input line 8.
LaTeX Font Info:    ... okay on input line 8.
LaTeX Font Info:    Checking defaults for OMS/cmsy/m/n on input line 8.
LaTeX Font Info:    ... okay on input line 8.
LaTeX Font Info:    Checking defaults for OT1/cmr/m/n on input line 8.
LaTeX Font Info:    ... okay on input line 8.
LaTeX Font Info:    Checking defaults for T1/cmr/m/n on input line 8.
LaTeX Font Info:    ... okay on input line 8.
LaTeX Font Info:    Checking defaults for TS1/cmr/m/n on input line 8.
LaTeX Font Info:    ... okay on input line 8.
LaTeX Font Info:    Checking defaults for OMX/cmex/m/n on input line 8.
LaTeX Font Info:    ... okay on input line 8.
LaTeX Font Info:    Checking defaults for U/cmr/m/n on input line 8.
LaTeX Font Info:    ... okay on input line 8.

(C:\Users\PREDATOR\AppData\Local\Programs\MiKTeX\tex/context/base/mkii\supp-pdf
.mkii
[Loading MPS to PDF converter (version 2006.09.02).]
\scratchcounter=\count304
\scratchdimen=\dimen165
\scratchbox=\box61
\nofMPsegments=\count305
\nofMParguments=\count306
\everyMPshowfont=\toks26
\MPscratchCnt=\count307
\MPscratchDim=\dimen166
\MPnumerator=\count308
\makeMPintoPDFobject=\count309
\everyMPtoPDFconversion=\toks27
)
(C:\Users\PREDATOR\AppData\Local\Programs\MiKTeX\tex/latex/epstopdf-pkg\epstopd
f-base.sty
Package: epstopdf-base 2020-01-24 v2.11 Base part for package epstopdf

(C:\Users\PREDATOR\AppData\Local\Programs\MiKTeX\tex/generic/infwarerr\infwarer
r.sty
Package: infwarerr 2019/12/03 v1.5 Providing info/warning/error messages (HO)
) (C:\Users\PREDATOR\AppData\Local\Programs\MiKTeX\tex/latex/grfext\grfext.sty
Package: grfext 2019/12/03 v1.3 Manage graphics extensions (HO)

(C:\Users\PREDATOR\AppData\Local\Programs\MiKTeX\tex/generic/kvdefinekeys\kvdef
inekeys.sty
Package: kvdefinekeys 2019-12-19 v1.6 Define keys (HO)
))
(C:\Users\PREDATOR\AppData\Local\Programs\MiKTeX\tex/latex/kvoptions\kvoptions.
sty
Package: kvoptions 2022-06-15 v3.15 Key value format for package options (HO)

(C:\Users\PREDATOR\AppData\Local\Programs\MiKTeX\tex/generic/ltxcmds\ltxcmds.st
y
Package: ltxcmds 2023-12-04 v1.26 LaTeX kernel commands for general use (HO)
)
(C:\Users\PREDATOR\AppData\Local\Programs\MiKTeX\tex/latex/kvsetkeys\kvsetkeys.
sty
Package: kvsetkeys 2022-10-05 v1.19 Key value parser (HO)
))
(C:\Users\PREDATOR\AppData\Local\Programs\MiKTeX\tex/generic/pdftexcmds\pdftexc
mds.sty
Package: pdftexcmds 2020-06-27 v0.33 Utility functions of pdfTeX for LuaTeX (HO
)
(C:\Users\PREDATOR\AppData\Local\Programs\MiKTeX\tex/generic/iftex\iftex.sty
Package: iftex 2024/12/12 v1.0g TeX engine tests
)
Package pdftexcmds Info: \pdf@primitive is available.
Package pdftexcmds Info: \pdf@ifprimitive is available.
Package pdftexcmds Info: \pdfdraftmode found.
)
Package epstopdf-base Info: Redefining graphics rule for `.eps' on input line 4
85.
Package grfext Info: Graphics extension search list:
(grfext)             [.pdf,.png,.jpg,.mps,.jpeg,.jbig2,.jb2,.PDF,.PNG,.JPG,.JPE
G,.JBIG2,.JB2,.eps]
(grfext)             \AppendGraphicsExtensions on input line 504.

(C:\Users\PREDATOR\AppData\Local\Programs\MiKTeX\tex/latex/00miktex\epstopdf-sy
s.cfg
File: epstopdf-sys.cfg 2021/03/18 v2.0 Configuration of epstopdf for MiKTeX
))
LaTeX Font Info:    Trying to load font information for U+msa on input line 39.

(C:\Users\PREDATOR\AppData\Local\Programs\MiKTeX\tex/latex/amsfonts\umsa.fd
File: umsa.fd 2013/01/14 v3.01 AMS symbols A
)
LaTeX Font Info:    Trying to load font information for U+msb on input line 39.

(C:\Users\PREDATOR\AppData\Local\Programs\MiKTeX\tex/latex/amsfonts\umsb.fd
File: umsb.fd 2013/01/14 v3.01 AMS symbols B
) [1

{C:/Users/PREDATOR/AppData/Local/MiKTeX/fonts/map/pdftex/pdftex.map}] [1


] [2] [3] [4] [5] [6] [7] [8] [9] [10] [11] [12] [13] [14] [15] [16]
Underfull \hbox (badness 1231) in paragraph at lines 281--282
[]\T1/cmr/m/it/12 TPE. \T1/cmr/m/n/12 TPE is a se-quen-tial model-based (Bayesi
an) op-ti-mizer, not
 []

[17]
LaTeX Font Info:    Font shape `T1/cmtt/bx/n' in size <12> not available
(Font)              Font shape `T1/cmtt/m/n' tried instead on input line 294.
[18] [19] [20]
<figures/convergence_grid_D30.pdf, id=93, 1321.01575pt x 1022.94446pt>
File: figures/convergence_grid_D30.pdf Graphic file (type pdf)
<use figures/convergence_grid_D30.pdf>
Package pdftex.def Info: figures/convergence_grid_D30.pdf  used on input line 3
58.
(pdftex.def)             Requested size: 390.0pt x 302.00012pt.
<figures/cd_diagram_D30.pdf, id=94, 752.9172pt x 401.21004pt>
File: figures/cd_diagram_D30.pdf Graphic file (type pdf)
<use figures/cd_diagram_D30.pdf>
Package pdftex.def Info: figures/cd_diagram_D30.pdf  used on input line 365.
(pdftex.def)             Requested size: 272.99881pt x 145.47011pt.
[21] [22 <./figures/convergence_grid_D30.pdf> <./figures/cd_diagram_D30.pdf>]
<figures/ablation_bar_full.pdf, id=235, 678.93585pt x 358.83968pt>
File: figures/ablation_bar_full.pdf Graphic file (type pdf)
<use figures/ablation_bar_full.pdf>
Package pdftex.def Info: figures/ablation_bar_full.pdf  used on input line 406.

(pdftex.def)             Requested size: 331.50238pt x 175.21425pt.
[23] [24 <./figures/ablation_bar_full.pdf>] [25] [26] [27] [28]
<figures/cd_diagram_shifted_D30.pdf, id=343, 753.0064pt x 401.21004pt>
File: figures/cd_diagram_shifted_D30.pdf Graphic file (type pdf)
<use figures/cd_diagram_shifted_D30.pdf>
Package pdftex.def Info: figures/cd_diagram_shifted_D30.pdf  used on input line
 488.
(pdftex.def)             Requested size: 272.99881pt x 145.45174pt.
<figures/convergence_grid_shifted_D30.pdf, id=344, 1321.32268pt x 1022.94446pt>

File: figures/convergence_grid_shifted_D30.pdf Graphic file (type pdf)
<use figures/convergence_grid_shifted_D30.pdf>
Package pdftex.def Info: figures/convergence_grid_shifted_D30.pdf  used on inpu
t line 497.
(pdftex.def)             Requested size: 390.0pt x 301.92209pt.
[29] [30 <./figures/cd_diagram_shifted_D30.pdf> <./figures/convergence_grid_shi
fted_D30.pdf>] [31]
<figures/cd_diagram_cec_D30.pdf, id=488, 753.03104pt x 401.21004pt>
File: figures/cd_diagram_cec_D30.pdf Graphic file (type pdf)
<use figures/cd_diagram_cec_D30.pdf>
Package pdftex.def Info: figures/cd_diagram_cec_D30.pdf  used on input line 555
.
(pdftex.def)             Requested size: 272.99881pt x 145.45174pt.
[32] [33 <./figures/cd_diagram_cec_D30.pdf>]
<figures/synthesis_rank_collapse.pdf, id=544, 787.35028pt x 426.65535pt>
File: figures/synthesis_rank_collapse.pdf Graphic file (type pdf)
<use figures/synthesis_rank_collapse.pdf>
Package pdftex.def Info: figures/synthesis_rank_collapse.pdf  used on input lin
e 599.
(pdftex.def)             Requested size: 331.50238pt x 179.63672pt.

Underfull \hbox (badness 2573) in paragraph at lines 624--625
[]\T1/cmr/m/n/12 Four in-de-pen-dently con-structed con-trols, one community-st
andard
 []

[34] [35 <./figures/synthesis_rank_collapse.pdf>]
<figures/obl_geometry_interaction.pdf, id=642, 715.52065pt x 385.9375pt>
File: figures/obl_geometry_interaction.pdf Graphic file (type pdf)
<use figures/obl_geometry_interaction.pdf>
Package pdftex.def Info: figures/obl_geometry_interaction.pdf  used on input li
ne 639.
(pdftex.def)             Requested size: 331.50238pt x 178.8054pt.
[36 <./figures/obl_geometry_interaction.pdf>] [37] [38] [39] (manuscript.bbl
Underfull \hbox (badness 10000) in paragraph at lines 9--13
[]\T1/cmr/m/n/12 J. Kennedy, R. C. Eber-hart, Par-ti-cle swarm op-ti-miza-tion,

 []


Underfull \hbox (badness 10000) in paragraph at lines 9--13
\T1/cmr/m/n/12 in: Proc. ICNN'95, Vol. 4, IEEE, 1995, pp. 1942--1948.
 []

[40]
Underfull \hbox (badness 1406) in paragraph at lines 48--53
[]\T1/cmr/m/n/12 B. Shahri-ari, K. Swer-sky, Z. Wang, R. P. Adams, N. de Fre-
 []


Underfull \hbox (badness 1728) in paragraph at lines 48--53
\T1/cmr/m/n/12 op-ti-miza-tion, Pro-ceed-ings of the IEEE 104 (1) (2016) 148--1
75.
 []


Underfull \hbox (badness 1931) in paragraph at lines 61--67
[]\T1/cmr/m/n/12 T. Chugh, Y. Jin, K. Mi-et-ti-nen, J. Haka-nen, K. Sind-hya, A

 []

[41]
Underfull \hbox (badness 10000) in paragraph at lines 88--92
[]\T1/cmr/m/n/12 K. Sörensen, Metaheuristics---the metaphor ex-posed, In-ter-na
-
 []


Underfull \hbox (badness 1377) in paragraph at lines 88--92
\T1/cmr/m/n/12 tional Trans-ac-tions in Op-er-a-tional Re-search 22 (1) (2015) 
3--18.
 []


Underfull \hbox (badness 10000) in paragraph at lines 133--137
[]\T1/cmr/m/n/12 S. Mir-jalili, S. M. Mir-jalili, A. Lewis, Grey wolf op-ti-
 []


Underfull \hbox (badness 10000) in paragraph at lines 133--137
\T1/cmr/m/n/12 mizer, Ad-vances in En-gi-neer-ing Soft-ware 69 (2014) 46--61.
 []


Underfull \hbox (badness 10000) in paragraph at lines 139--143
[]\T1/cmr/m/n/12 S. Mir-jalili, A. Lewis, The whale op-ti-miza-tion al-go-
 []


Underfull \hbox (badness 10000) in paragraph at lines 139--143
\T1/cmr/m/n/12 rithm, Ad-vances in En-gi-neer-ing Soft-ware 95 (2016) 51--67.
 []

[42] [43]
Underfull \hbox (badness 1024) in paragraph at lines 217--222
[]\T1/cmr/m/n/12 L. Ve-lasco, H. Guer-rero, A. Hos-pi-taler, A lit-er-a-ture re
-view and
 []


Underfull \hbox (badness 1147) in paragraph at lines 217--222
\T1/cmr/m/n/12 crit-i-cal anal-y-sis of meta-heuris-tics re-cently de-vel-oped,
 Archives of
 []


Underfull \hbox (badness 2990) in paragraph at lines 217--222
\T1/cmr/m/n/12 Com-pu-ta-tional Meth-ods in En-gi-neer-ing 31 (1) (2024) 125--1
46.
 []

[44]) [45] (manuscript.aux)
 ***********
LaTeX2e <2025-11-01>
L3 programming layer <2025-12-24>
 ***********
 ) 
Here is how much of TeX's memory you used:
 4814 strings out of 467871
 74468 string characters out of 5416924
 486605 words of memory out of 5000000
 33613 multiletter control sequences out of 15000+600000
 648736 words of font info for 92 fonts, out of 8000000 for 9000
 1141 hyphenation exceptions out of 8191
 72i,16n,79p,2728b,411s stack positions out of 10000i,1000n,20000p,200000b,200000s
 <C:\Users\PREDATOR\AppData\Local\MiKTeX\fonts/pk/ljfour/jknappen/ec/dpi600\e
cbi1200.pk> <C:\Users\PREDATOR\AppData\Local\MiKTeX\fonts/pk/ljfour/jknappen/ec
/dpi600\ectt1200.pk> <C:\Users\PREDATOR\AppData\Local\MiKTeX\fonts/pk/ljfour/jk
nappen/ec/dpi600\ecbx1000.pk> <C:\Users\PREDATOR\AppData\Local\MiKTeX\fonts/pk/
ljfour/jknappen/ec/dpi600\ecti1200.pk> <C:\Users\PREDATOR\AppData\Local\MiKTeX\
fonts/pk/ljfour/jknappen/ec/dpi600\ectt1000.pk> <C:\Users\PREDATOR\AppData\Loca
l\MiKTeX\fonts/pk/ljfour/jknappen/ec/dpi600\ecrm1000.pk> <C:\Users\PREDATOR\App
Data\Local\MiKTeX\fonts/pk/ljfour/jknappen/ec/dpi600\ecti1000.pk> <C:\Users\PRE
DATOR\AppData\Local\MiKTeX\fonts/pk/ljfour/jknappen/ec/dpi600\ecti0700.pk> <C:\
Users\PREDATOR\AppData\Local\MiKTeX\fonts/pk/ljfour/jknappen/ec/dpi600\ecrm0800
.pk> <C:\Users\PREDATOR\AppData\Local\MiKTeX\fonts/pk/ljfour/jknappen/ec/dpi600
\tcrm1200.pk> <C:\Users\PREDATOR\AppData\Local\MiKTeX\fonts/pk/ljfour/jknappen/
ec/dpi600\ecrm1200.pk> <C:\Users\PREDATOR\AppData\Local\MiKTeX\fonts/pk/ljfour/
jknappen/ec/dpi600\ecbx1200.pk> <C:\Users\PREDATOR\AppData\Local\MiKTeX\fonts/p
k/ljfour/jknappen/ec/dpi600\ecrm1728.pk><C:/Users/PREDATOR/AppData/Local/Progra
ms/MiKTeX/fonts/type1/public/amsfonts/cm/cmbx12.pfb><C:/Users/PREDATOR/AppData/
Local/Programs/MiKTeX/fonts/type1/public/amsfonts/cm/cmex10.pfb><C:/Users/PREDA
TOR/AppData/Local/Programs/MiKTeX/fonts/type1/public/amsfonts/cm/cmmi10.pfb><C:
/Users/PREDATOR/AppData/Local/Programs/MiKTeX/fonts/type1/public/amsfonts/cm/cm
mi12.pfb><C:/Users/PREDATOR/AppData/Local/Programs/MiKTeX/fonts/type1/public/am
sfonts/cm/cmmi8.pfb><C:/Users/PREDATOR/AppData/Local/Programs/MiKTeX/fonts/type
1/public/amsfonts/cm/cmr10.pfb><C:/Users/PREDATOR/AppData/Local/Programs/MiKTeX
/fonts/type1/public/amsfonts/cm/cmr12.pfb><C:/Users/PREDATOR/AppData/Local/Prog
rams/MiKTeX/fonts/type1/public/amsfonts/cm/cmr6.pfb><C:/Users/PREDATOR/AppData/
Local/Programs/MiKTeX/fonts/type1/public/amsfonts/cm/cmr7.pfb><C:/Users/PREDATO
R/AppData/Local/Programs/MiKTeX/fonts/type1/public/amsfonts/cm/cmr8.pfb><C:/Use
rs/PREDATOR/AppData/Local/Programs/MiKTeX/fonts/type1/public/amsfonts/cm/cmsy10
.pfb><C:/Users/PREDATOR/AppData/Local/Programs/MiKTeX/fonts/type1/public/amsfon
ts/cm/cmsy7.pfb><C:/Users/PREDATOR/AppData/Local/Programs/MiKTeX/fonts/type1/pu
blic/amsfonts/cm/cmsy8.pfb><C:/Users/PREDATOR/AppData/Local/Programs/MiKTeX/fon
ts/type1/public/amsfonts/symbols/msam10.pfb><C:/Users/PREDATOR/AppData/Local/Pr
ograms/MiKTeX/fonts/type1/public/amsfonts/symbols/msbm10.pfb>
Output written on manuscript.pdf (46 pages, 1022350 bytes).
PDF statistics:
 1401 PDF objects out of 1440 (max. 8388607)
 0 named destinations out of 1000 (max. 500000)
 41 words of extra memory for PDF output out of 10000 (max. 10000000)

